{
  "stats": {
    "suites": 1,
    "tests": 6,
    "passes": 6,
    "pending": 0,
    "failures": 0,
    "start": "2025-06-25T22:44:24.862Z",
    "end": "2025-06-25T22:44:41.058Z",
    "duration": 16196,
    "testsRegistered": 6,
    "passPercent": 100,
    "pendingPercent": 0,
    "other": 0,
    "hasOther": false,
    "skipped": 0,
    "hasSkipped": false
  },
  "results": [
    {
      "uuid": "6819551a-3bad-4f60-91ad-dcd5e6d3470e",
      "title": "",
      "fullFile": "cypress\\e2e\\pagina-login-incorreto.cy.js",
      "file": "cypress\\e2e\\pagina-login-incorreto.cy.js",
      "beforeHooks": [],
      "afterHooks": [],
      "tests": [],
      "suites": [
        {
          "uuid": "c42dfc2a-ebe6-432a-b7f6-05fcec927a7c",
          "title": "Página de Login Incorreto",
          "fullFile": "",
          "file": "",
          "beforeHooks": [],
          "afterHooks": [],
          "tests": [
            {
              "title": "Não deve permitir login com credenciais inválidas",
              "fullTitle": "Página de Login Incorreto Não deve permitir login com credenciais inválidas",
              "timedOut": null,
              "duration": 3767,
              "state": "passed",
              "speed": "fast",
              "pass": true,
              "fail": false,
              "pending": false,
              "context": null,
              "code": "cy.get('input[name=\"username\"]').type('usuarioInvalido');\ncy.get('input[name=\"password\"]').type('senhaInvalida');\ncy.get('button[type=\"submit\"]').click();\ncy.get('.oxd-alert-content').should('contain', 'Invalid credentials');",
              "err": {},
              "uuid": "7e513be8-4d40-48db-9c79-8f693fba05de",
              "parentUUID": "c42dfc2a-ebe6-432a-b7f6-05fcec927a7c",
              "isHook": false,
              "skipped": false
            },
            {
              "title": "Não deve permitir login com usuário correto e senha errada",
              "fullTitle": "Página de Login Incorreto Não deve permitir login com usuário correto e senha errada",
              "timedOut": null,
              "duration": 3141,
              "state": "passed",
              "speed": "fast",
              "pass": true,
              "fail": false,
              "pending": false,
              "context": null,
              "code": "cy.get('input[name=\"username\"]').type('Admin');\ncy.get('input[name=\"password\"]').type('senhaInvalida');\ncy.get('button[type=\"submit\"]').click();\ncy.get('.oxd-alert-content').should('contain', 'Invalid credentials');",
              "err": {},
              "uuid": "e3ae8d8d-0136-445e-a497-d570ea2bcdb1",
              "parentUUID": "c42dfc2a-ebe6-432a-b7f6-05fcec927a7c",
              "isHook": false,
              "skipped": false
            },
            {
              "title": "Não deve permitir login com usuário errado e senha correta",
              "fullTitle": "Página de Login Incorreto Não deve permitir login com usuário errado e senha correta",
              "timedOut": null,
              "duration": 2884,
              "state": "passed",
              "speed": "fast",
              "pass": true,
              "fail": false,
              "pending": false,
              "context": null,
              "code": "cy.get('input[name=\"username\"]').type('usuarioInvalido');\ncy.get('input[name=\"password\"]').type('admin123');\ncy.get('button[type=\"submit\"]').click();\ncy.get('.oxd-alert-content').should('contain', 'Invalid credentials');",
              "err": {},
              "uuid": "99cca374-60d8-499e-8b99-dff11b3dff2c",
              "parentUUID": "c42dfc2a-ebe6-432a-b7f6-05fcec927a7c",
              "isHook": false,
              "skipped": false
            },
            {
              "title": "Não deve permitir login com campos vazios",
              "fullTitle": "Página de Login Incorreto Não deve permitir login com campos vazios",
              "timedOut": null,
              "duration": 1079,
              "state": "passed",
              "speed": "fast",
              "pass": true,
              "fail": false,
              "pending": false,
              "context": null,
              "code": "cy.get('button[type=\"submit\"]').click();\ncy.get('.oxd-input-field-error-message').should('be.visible');",
              "err": {},
              "uuid": "f48da1f5-6687-430b-8a25-9d86e15a63b4",
              "parentUUID": "c42dfc2a-ebe6-432a-b7f6-05fcec927a7c",
              "isHook": false,
              "skipped": false
            },
            {
              "title": "Não deve permitir login com usuário em branco e senha correta",
              "fullTitle": "Página de Login Incorreto Não deve permitir login com usuário em branco e senha correta",
              "timedOut": null,
              "duration": 1348,
              "state": "passed",
              "speed": "fast",
              "pass": true,
              "fail": false,
              "pending": false,
              "context": null,
              "code": "cy.get('input[name=\"password\"]').type('admin123');\ncy.get('button[type=\"submit\"]').click();\ncy.get('.oxd-input-field-error-message').should('be.visible');",
              "err": {},
              "uuid": "cdeed50c-cf5d-4ea5-94e8-a11ae42d7074",
              "parentUUID": "c42dfc2a-ebe6-432a-b7f6-05fcec927a7c",
              "isHook": false,
              "skipped": false
            },
            {
              "title": "Não deve permitir login com usuário correto e senha em branco",
              "fullTitle": "Página de Login Incorreto Não deve permitir login com usuário correto e senha em branco",
              "timedOut": null,
              "duration": 1302,
              "state": "passed",
              "speed": "fast",
              "pass": true,
              "fail": false,
              "pending": false,
              "context": null,
              "code": "cy.get('input[name=\"username\"]').type('Admin');\ncy.get('button[type=\"submit\"]').click();\ncy.get('.oxd-input-field-error-message').should('be.visible');",
              "err": {},
              "uuid": "8ca07f28-bbc1-4f92-a92b-8cd9d2c9a788",
              "parentUUID": "c42dfc2a-ebe6-432a-b7f6-05fcec927a7c",
              "isHook": false,
              "skipped": false
            }
          ],
          "suites": [],
          "passes": [
            "7e513be8-4d40-48db-9c79-8f693fba05de",
            "e3ae8d8d-0136-445e-a497-d570ea2bcdb1",
            "99cca374-60d8-499e-8b99-dff11b3dff2c",
            "f48da1f5-6687-430b-8a25-9d86e15a63b4",
            "cdeed50c-cf5d-4ea5-94e8-a11ae42d7074",
            "8ca07f28-bbc1-4f92-a92b-8cd9d2c9a788"
          ],
          "failures": [],
          "pending": [],
          "skipped": [],
          "duration": 13521,
          "root": false,
          "rootEmpty": false,
          "_timeout": 2000
        }
      ],
      "passes": [],
      "failures": [],
      "pending": [],
      "skipped": [],
      "duration": 0,
      "root": true,
      "rootEmpty": true,
      "_timeout": 2000
    }
  ],
  "meta": {
    "mocha": {
      "version": "7.0.1"
    },
    "mochawesome": {
      "options": {
        "quiet": false,
        "reportFilename": "mochawesome",
        "saveHtml": true,
        "saveJson": true,
        "consoleReporter": "spec",
        "useInlineDiffs": false,
        "code": true
      },
      "version": "7.1.3"
    },
    "marge": {
      "options": null,
      "version": "6.2.0"
    }
  }
}