{
  "stats": {
    "suites": 1,
    "tests": 7,
    "passes": 7,
    "pending": 0,
    "failures": 0,
    "start": "2025-02-03T16:29:26.464Z",
    "end": "2025-02-03T16:29:53.262Z",
    "duration": 26798,
    "testsRegistered": 7,
    "passPercent": 100,
    "pendingPercent": 0,
    "other": 0,
    "hasOther": false,
    "skipped": 0,
    "hasSkipped": false
  },
  "results": [
    {
      "uuid": "5f16686c-67fd-4940-93a4-68269121279f",
      "title": "",
      "fullFile": "cypress\\e2e\\pagina-login.cy.js",
      "file": "cypress\\e2e\\pagina-login.cy.js",
      "beforeHooks": [],
      "afterHooks": [],
      "tests": [],
      "suites": [
        {
          "uuid": "feaa7cfc-b123-4c72-a4d9-25888ae3c8d8",
          "title": "Página de Login",
          "fullFile": "",
          "file": "",
          "beforeHooks": [],
          "afterHooks": [],
          "tests": [
            {
              "title": "Deve permitir login com credenciais válidas",
              "fullTitle": "Página de Login Deve permitir login com credenciais válidas",
              "timedOut": null,
              "duration": 5570,
              "state": "passed",
              "speed": "medium",
              "pass": true,
              "fail": false,
              "pending": false,
              "context": null,
              "code": "cy.get(':nth-child(2) > .oxd-input-group > :nth-child(2) > .oxd-input').type('Admin');\ncy.get(':nth-child(3) > .oxd-input-group > :nth-child(2) > .oxd-input').type('admin123');\ncy.get('.oxd-button').click();\ncy.url().should('include', '/dashboard');",
              "err": {},
              "uuid": "112980e2-1436-4865-983e-f705dfe23d92",
              "parentUUID": "feaa7cfc-b123-4c72-a4d9-25888ae3c8d8",
              "isHook": false,
              "skipped": false
            },
            {
              "title": "Não deve permitir login com credenciais inválidas",
              "fullTitle": "Página de Login Não deve permitir login com credenciais inválidas",
              "timedOut": null,
              "duration": 4691,
              "state": "passed",
              "speed": "fast",
              "pass": true,
              "fail": false,
              "pending": false,
              "context": null,
              "code": "cy.get(':nth-child(2) > .oxd-input-group > :nth-child(2) > .oxd-input').type('usuarioInvalido');\ncy.get(':nth-child(3) > .oxd-input-group > :nth-child(2) > .oxd-input').type('senhaInvalida');\ncy.get('.oxd-button').click();\ncy.get('.oxd-alert-content').should('contain', 'Invalid credentials');",
              "err": {},
              "uuid": "6a5525c7-3c65-4740-8994-44e03a4112fb",
              "parentUUID": "feaa7cfc-b123-4c72-a4d9-25888ae3c8d8",
              "isHook": false,
              "skipped": false
            },
            {
              "title": "Não deve permitir login com usuário correto e senha errada",
              "fullTitle": "Página de Login Não deve permitir login com usuário correto e senha errada",
              "timedOut": null,
              "duration": 4144,
              "state": "passed",
              "speed": "fast",
              "pass": true,
              "fail": false,
              "pending": false,
              "context": null,
              "code": "cy.get(':nth-child(2) > .oxd-input-group > :nth-child(2) > .oxd-input').type('Admin');\ncy.get(':nth-child(3) > .oxd-input-group > :nth-child(2) > .oxd-input').type('senhaInvalida');\ncy.get('.oxd-button').click();\ncy.get('.oxd-alert-content').should('contain', 'Invalid credentials');",
              "err": {},
              "uuid": "6409e358-a889-4100-a3fc-65be387ec497",
              "parentUUID": "feaa7cfc-b123-4c72-a4d9-25888ae3c8d8",
              "isHook": false,
              "skipped": false
            },
            {
              "title": "Não deve permitir login com usuário errado e senha correta",
              "fullTitle": "Página de Login Não deve permitir login com usuário errado e senha correta",
              "timedOut": null,
              "duration": 3473,
              "state": "passed",
              "speed": "fast",
              "pass": true,
              "fail": false,
              "pending": false,
              "context": null,
              "code": "cy.get(':nth-child(2) > .oxd-input-group > :nth-child(2) > .oxd-input').type('usuarioInvalido');\ncy.get(':nth-child(3) > .oxd-input-group > :nth-child(2) > .oxd-input').type('admin123');\ncy.get('.oxd-button').click();\ncy.get('.oxd-alert-content').should('contain', 'Invalid credentials');",
              "err": {},
              "uuid": "4c6615e5-bb7d-42fe-bbe2-5d2789d9efbc",
              "parentUUID": "feaa7cfc-b123-4c72-a4d9-25888ae3c8d8",
              "isHook": false,
              "skipped": false
            },
            {
              "title": "Não deve permitir login com campos vazios",
              "fullTitle": "Página de Login Não deve permitir login com campos vazios",
              "timedOut": null,
              "duration": 1831,
              "state": "passed",
              "speed": "fast",
              "pass": true,
              "fail": false,
              "pending": false,
              "context": null,
              "code": "cy.get('.oxd-button').click();\ncy.get('.oxd-input-field-error-message').should('be.visible');",
              "err": {},
              "uuid": "7f381dff-919a-4272-92a7-660d9f15ae39",
              "parentUUID": "feaa7cfc-b123-4c72-a4d9-25888ae3c8d8",
              "isHook": false,
              "skipped": false
            },
            {
              "title": "Não deve permitir login com usuário em branco e senha correta",
              "fullTitle": "Página de Login Não deve permitir login com usuário em branco e senha correta",
              "timedOut": null,
              "duration": 2155,
              "state": "passed",
              "speed": "fast",
              "pass": true,
              "fail": false,
              "pending": false,
              "context": null,
              "code": "cy.get(':nth-child(3) > .oxd-input-group > :nth-child(2) > .oxd-input').type('admin123');\ncy.get('.oxd-button').click();\ncy.get('.oxd-input-field-error-message').should('be.visible');",
              "err": {},
              "uuid": "74f925fc-e464-42fc-87e7-8f1d76e6d631",
              "parentUUID": "feaa7cfc-b123-4c72-a4d9-25888ae3c8d8",
              "isHook": false,
              "skipped": false
            },
            {
              "title": "Não deve permitir login com usuário correto e senha em branco",
              "fullTitle": "Página de Login Não deve permitir login com usuário correto e senha em branco",
              "timedOut": null,
              "duration": 2079,
              "state": "passed",
              "speed": "fast",
              "pass": true,
              "fail": false,
              "pending": false,
              "context": null,
              "code": "cy.get(':nth-child(2) > .oxd-input-group > :nth-child(2) > .oxd-input').type('Admin');\ncy.get('.oxd-button').click();\ncy.get('.oxd-input-field-error-message').should('be.visible');",
              "err": {},
              "uuid": "e39f3193-274f-4144-b5eb-fdb497cdf89f",
              "parentUUID": "feaa7cfc-b123-4c72-a4d9-25888ae3c8d8",
              "isHook": false,
              "skipped": false
            }
          ],
          "suites": [],
          "passes": [
            "112980e2-1436-4865-983e-f705dfe23d92",
            "6a5525c7-3c65-4740-8994-44e03a4112fb",
            "6409e358-a889-4100-a3fc-65be387ec497",
            "4c6615e5-bb7d-42fe-bbe2-5d2789d9efbc",
            "7f381dff-919a-4272-92a7-660d9f15ae39",
            "74f925fc-e464-42fc-87e7-8f1d76e6d631",
            "e39f3193-274f-4144-b5eb-fdb497cdf89f"
          ],
          "failures": [],
          "pending": [],
          "skipped": [],
          "duration": 23943,
          "root": false,
          "rootEmpty": false,
          "_timeout": 2000
        }
      ],
      "passes": [],
      "failures": [],
      "pending": [],
      "skipped": [],
      "duration": 0,
      "root": true,
      "rootEmpty": true,
      "_timeout": 2000
    }
  ],
  "meta": {
    "mocha": {
      "version": "7.0.1"
    },
    "mochawesome": {
      "options": {
        "quiet": false,
        "reportFilename": "mochawesome",
        "saveHtml": true,
        "saveJson": true,
        "consoleReporter": "spec",
        "useInlineDiffs": false,
        "code": true
      },
      "version": "7.1.3"
    },
    "marge": {
      "options": null,
      "version": "6.2.0"
    }
  }
}